2023-11-01 00:52:03 startup archives unpack
2023-11-01 00:52:03 install netbase:all <none> 6.4
2023-11-01 00:52:03 status half-installed netbase:all 6.4
2023-11-01 00:52:03 status unpacked netbase:all 6.4
2023-11-01 00:52:03 install readline-common:all <none> 8.2-1.3
2023-11-01 00:52:03 status half-installed readline-common:all 8.2-1.3
2023-11-01 00:52:03 status unpacked readline-common:all 8.2-1.3
2023-11-01 00:52:03 install libssl3:amd64 <none> 3.0.11-1~deb12u2
2023-11-01 00:52:03 status triggers-pending libc-bin:amd64 2.36-9+deb12u3
2023-11-01 00:52:03 status half-installed libssl3:amd64 3.0.11-1~deb12u2
2023-11-01 00:52:03 status unpacked libssl3:amd64 3.0.11-1~deb12u2
2023-11-01 00:52:03 install openssl:amd64 <none> 3.0.11-1~deb12u2
2023-11-01 00:52:03 status half-installed openssl:amd64 3.0.11-1~deb12u2
2023-11-01 00:52:03 status unpacked openssl:amd64 3.0.11-1~deb12u2
2023-11-01 00:52:03 install ca-certificates:all <none> 20230311
2023-11-01 00:52:03 status half-installed ca-certificates:all 20230311
2023-11-01 00:52:03 status unpacked ca-certificates:all 20230311
2023-11-01 00:52:03 install libpsl5:amd64 <none> 0.21.2-1
2023-11-01 00:52:03 status half-installed libpsl5:amd64 0.21.2-1
2023-11-01 00:52:03 status unpacked libpsl5:amd64 0.21.2-1
2023-11-01 00:52:03 install wget:amd64 <none> 1.21.3-1+b2
2023-11-01 00:52:03 status half-installed wget:amd64 1.21.3-1+b2
2023-11-01 00:52:03 status unpacked wget:amd64 1.21.3-1+b2
2023-11-01 00:52:03 install libbrotli1:amd64 <none> 1.0.9-2+b6
2023-11-01 00:52:03 status half-installed libbrotli1:amd64 1.0.9-2+b6
2023-11-01 00:52:03 status unpacked libbrotli1:amd64 1.0.9-2+b6
2023-11-01 00:52:03 install libkrb5support0:amd64 <none> 1.20.1-2+deb12u1
2023-11-01 00:52:03 status half-installed libkrb5support0:amd64 1.20.1-2+deb12u1
2023-11-01 00:52:03 status unpacked libkrb5support0:amd64 1.20.1-2+deb12u1
2023-11-01 00:52:03 install libk5crypto3:amd64 <none> 1.20.1-2+deb12u1
2023-11-01 00:52:03 status half-installed libk5crypto3:amd64 1.20.1-2+deb12u1
2023-11-01 00:52:03 status unpacked libk5crypto3:amd64 1.20.1-2+deb12u1
2023-11-01 00:52:03 install libkeyutils1:amd64 <none> 1.6.3-2
2023-11-01 00:52:03 status half-installed libkeyutils1:amd64 1.6.3-2
2023-11-01 00:52:03 status unpacked libkeyutils1:amd64 1.6.3-2
2023-11-01 00:52:04 install libkrb5-3:amd64 <none> 1.20.1-2+deb12u1
2023-11-01 00:52:04 status half-installed libkrb5-3:amd64 1.20.1-2+deb12u1
2023-11-01 00:52:04 status unpacked libkrb5-3:amd64 1.20.1-2+deb12u1
2023-11-01 00:52:04 install libgssapi-krb5-2:amd64 <none> 1.20.1-2+deb12u1
2023-11-01 00:52:04 status half-installed libgssapi-krb5-2:amd64 1.20.1-2+deb12u1
2023-11-01 00:52:04 status unpacked libgssapi-krb5-2:amd64 1.20.1-2+deb12u1
2023-11-01 00:52:04 install libsasl2-modules-db:amd64 <none> 2.1.28+dfsg-10
2023-11-01 00:52:04 status half-installed libsasl2-modules-db:amd64 2.1.28+dfsg-10
2023-11-01 00:52:04 status unpacked libsasl2-modules-db:amd64 2.1.28+dfsg-10
2023-11-01 00:52:04 install libsasl2-2:amd64 <none> 2.1.28+dfsg-10
2023-11-01 00:52:04 status half-installed libsasl2-2:amd64 2.1.28+dfsg-10
2023-11-01 00:52:04 status unpacked libsasl2-2:amd64 2.1.28+dfsg-10
2023-11-01 00:52:04 install libldap-2.5-0:amd64 <none> 2.5.13+dfsg-5
2023-11-01 00:52:04 status half-installed libldap-2.5-0:amd64 2.5.13+dfsg-5
2023-11-01 00:52:04 status unpacked libldap-2.5-0:amd64 2.5.13+dfsg-5
2023-11-01 00:52:04 install libnghttp2-14:amd64 <none> 1.52.0-1
2023-11-01 00:52:04 status half-installed libnghttp2-14:amd64 1.52.0-1
2023-11-01 00:52:04 status unpacked libnghttp2-14:amd64 1.52.0-1
2023-11-01 00:52:04 install librtmp1:amd64 <none> 2.4+20151223.gitfa8646d.1-2+b2
2023-11-01 00:52:04 status half-installed librtmp1:amd64 2.4+20151223.gitfa8646d.1-2+b2
2023-11-01 00:52:04 status unpacked librtmp1:amd64 2.4+20151223.gitfa8646d.1-2+b2
2023-11-01 00:52:04 install libssh2-1:amd64 <none> 1.10.0-3+b1
2023-11-01 00:52:04 status half-installed libssh2-1:amd64 1.10.0-3+b1
2023-11-01 00:52:04 status unpacked libssh2-1:amd64 1.10.0-3+b1
2023-11-01 00:52:04 install libcurl4:amd64 <none> 7.88.1-10+deb12u4
2023-11-01 00:52:04 status half-installed libcurl4:amd64 7.88.1-10+deb12u4
2023-11-01 00:52:04 status unpacked libcurl4:amd64 7.88.1-10+deb12u4
2023-11-01 00:52:04 install curl:amd64 <none> 7.88.1-10+deb12u4
2023-11-01 00:52:04 status half-installed curl:amd64 7.88.1-10+deb12u4
2023-11-01 00:52:04 status unpacked curl:amd64 7.88.1-10+deb12u4
2023-11-01 00:52:04 install libassuan0:amd64 <none> 2.5.5-5
2023-11-01 00:52:04 status half-installed libassuan0:amd64 2.5.5-5
2023-11-01 00:52:04 status unpacked libassuan0:amd64 2.5.5-5
2023-11-01 00:52:04 install libreadline8:amd64 <none> 8.2-1.3
2023-11-01 00:52:04 status half-installed libreadline8:amd64 8.2-1.3
2023-11-01 00:52:04 status unpacked libreadline8:amd64 8.2-1.3
2023-11-01 00:52:04 install gpgconf:amd64 <none> 2.2.40-1.1
2023-11-01 00:52:04 status half-installed gpgconf:amd64 2.2.40-1.1
2023-11-01 00:52:04 status unpacked gpgconf:amd64 2.2.40-1.1
2023-11-01 00:52:04 install libksba8:amd64 <none> 1.6.3-2
2023-11-01 00:52:04 status half-installed libksba8:amd64 1.6.3-2
2023-11-01 00:52:04 status unpacked libksba8:amd64 1.6.3-2
2023-11-01 00:52:04 install libnpth0:amd64 <none> 1.6-3
2023-11-01 00:52:04 status half-installed libnpth0:amd64 1.6-3
2023-11-01 00:52:04 status unpacked libnpth0:amd64 1.6-3
2023-11-01 00:52:04 install dirmngr:amd64 <none> 2.2.40-1.1
2023-11-01 00:52:04 status half-installed dirmngr:amd64 2.2.40-1.1
2023-11-01 00:52:04 status unpacked dirmngr:amd64 2.2.40-1.1
2023-11-01 00:52:04 install gnupg-l10n:all <none> 2.2.40-1.1
2023-11-01 00:52:04 status half-installed gnupg-l10n:all 2.2.40-1.1
2023-11-01 00:52:04 status unpacked gnupg-l10n:all 2.2.40-1.1
2023-11-01 00:52:04 install gnupg-utils:amd64 <none> 2.2.40-1.1
2023-11-01 00:52:04 status half-installed gnupg-utils:amd64 2.2.40-1.1
2023-11-01 00:52:04 status unpacked gnupg-utils:amd64 2.2.40-1.1
2023-11-01 00:52:04 install libsqlite3-0:amd64 <none> 3.40.1-2
2023-11-01 00:52:04 status half-installed libsqlite3-0:amd64 3.40.1-2
2023-11-01 00:52:05 status unpacked libsqlite3-0:amd64 3.40.1-2
2023-11-01 00:52:05 install gpg:amd64 <none> 2.2.40-1.1
2023-11-01 00:52:05 status half-installed gpg:amd64 2.2.40-1.1
2023-11-01 00:52:05 status unpacked gpg:amd64 2.2.40-1.1
2023-11-01 00:52:05 install libncursesw6:amd64 <none> 6.4-4
2023-11-01 00:52:05 status half-installed libncursesw6:amd64 6.4-4
2023-11-01 00:52:05 status unpacked libncursesw6:amd64 6.4-4
2023-11-01 00:52:05 install pinentry-curses:amd64 <none> 1.2.1-1
2023-11-01 00:52:05 status half-installed pinentry-curses:amd64 1.2.1-1
2023-11-01 00:52:05 status unpacked pinentry-curses:amd64 1.2.1-1
2023-11-01 00:52:05 install gpg-agent:amd64 <none> 2.2.40-1.1
2023-11-01 00:52:05 status half-installed gpg-agent:amd64 2.2.40-1.1
2023-11-01 00:52:05 status unpacked gpg-agent:amd64 2.2.40-1.1
2023-11-01 00:52:05 install gpg-wks-client:amd64 <none> 2.2.40-1.1
2023-11-01 00:52:05 status half-installed gpg-wks-client:amd64 2.2.40-1.1
2023-11-01 00:52:05 status unpacked gpg-wks-client:amd64 2.2.40-1.1
2023-11-01 00:52:05 install gpg-wks-server:amd64 <none> 2.2.40-1.1
2023-11-01 00:52:05 status half-installed gpg-wks-server:amd64 2.2.40-1.1
2023-11-01 00:52:05 status unpacked gpg-wks-server:amd64 2.2.40-1.1
2023-11-01 00:52:05 install gpgsm:amd64 <none> 2.2.40-1.1
2023-11-01 00:52:05 status half-installed gpgsm:amd64 2.2.40-1.1
2023-11-01 00:52:05 status unpacked gpgsm:amd64 2.2.40-1.1
2023-11-01 00:52:05 install gnupg:all <none> 2.2.40-1.1
2023-11-01 00:52:05 status half-installed gnupg:all 2.2.40-1.1
2023-11-01 00:52:05 status unpacked gnupg:all 2.2.40-1.1
2023-11-01 00:52:05 install sq:amd64 <none> 0.27.0-2+b1
2023-11-01 00:52:05 status half-installed sq:amd64 0.27.0-2+b1
2023-11-01 00:52:05 status unpacked sq:amd64 0.27.0-2+b1
2023-11-01 00:52:05 startup packages configure
2023-11-01 00:52:05 configure libksba8:amd64 1.6.3-2 <none>
2023-11-01 00:52:05 status unpacked libksba8:amd64 1.6.3-2
2023-11-01 00:52:05 status half-configured libksba8:amd64 1.6.3-2
2023-11-01 00:52:05 status installed libksba8:amd64 1.6.3-2
2023-11-01 00:52:05 configure libkeyutils1:amd64 1.6.3-2 <none>
2023-11-01 00:52:05 status unpacked libkeyutils1:amd64 1.6.3-2
2023-11-01 00:52:05 status half-configured libkeyutils1:amd64 1.6.3-2
2023-11-01 00:52:05 status installed libkeyutils1:amd64 1.6.3-2
2023-11-01 00:52:05 configure libpsl5:amd64 0.21.2-1 <none>
2023-11-01 00:52:05 status unpacked libpsl5:amd64 0.21.2-1
2023-11-01 00:52:05 status half-configured libpsl5:amd64 0.21.2-1
2023-11-01 00:52:05 status installed libpsl5:amd64 0.21.2-1
2023-11-01 00:52:05 configure wget:amd64 1.21.3-1+b2 <none>
2023-11-01 00:52:05 status unpacked wget:amd64 1.21.3-1+b2
2023-11-01 00:52:05 status half-configured wget:amd64 1.21.3-1+b2
2023-11-01 00:52:05 status installed wget:amd64 1.21.3-1+b2
2023-11-01 00:52:05 configure libbrotli1:amd64 1.0.9-2+b6 <none>
2023-11-01 00:52:05 status unpacked libbrotli1:amd64 1.0.9-2+b6
2023-11-01 00:52:05 status half-configured libbrotli1:amd64 1.0.9-2+b6
2023-11-01 00:52:05 status installed libbrotli1:amd64 1.0.9-2+b6
2023-11-01 00:52:05 configure libsqlite3-0:amd64 3.40.1-2 <none>
2023-11-01 00:52:05 status unpacked libsqlite3-0:amd64 3.40.1-2
2023-11-01 00:52:05 status half-configured libsqlite3-0:amd64 3.40.1-2
2023-11-01 00:52:05 status installed libsqlite3-0:amd64 3.40.1-2
2023-11-01 00:52:05 configure libssl3:amd64 3.0.11-1~deb12u2 <none>
2023-11-01 00:52:05 status unpacked libssl3:amd64 3.0.11-1~deb12u2
2023-11-01 00:52:05 status half-configured libssl3:amd64 3.0.11-1~deb12u2
2023-11-01 00:52:05 status installed libssl3:amd64 3.0.11-1~deb12u2
2023-11-01 00:52:05 configure libnghttp2-14:amd64 1.52.0-1 <none>
2023-11-01 00:52:05 status unpacked libnghttp2-14:amd64 1.52.0-1
2023-11-01 00:52:05 status half-configured libnghttp2-14:amd64 1.52.0-1
2023-11-01 00:52:05 status installed libnghttp2-14:amd64 1.52.0-1
2023-11-01 00:52:05 configure libnpth0:amd64 1.6-3 <none>
2023-11-01 00:52:05 status unpacked libnpth0:amd64 1.6-3
2023-11-01 00:52:05 status half-configured libnpth0:amd64 1.6-3
2023-11-01 00:52:05 status installed libnpth0:amd64 1.6-3
2023-11-01 00:52:05 configure sq:amd64 0.27.0-2+b1 <none>
2023-11-01 00:52:05 status unpacked sq:amd64 0.27.0-2+b1
2023-11-01 00:52:05 status half-configured sq:amd64 0.27.0-2+b1
2023-11-01 00:52:05 status installed sq:amd64 0.27.0-2+b1
2023-11-01 00:52:05 configure libassuan0:amd64 2.5.5-5 <none>
2023-11-01 00:52:05 status unpacked libassuan0:amd64 2.5.5-5
2023-11-01 00:52:05 status half-configured libassuan0:amd64 2.5.5-5
2023-11-01 00:52:05 status installed libassuan0:amd64 2.5.5-5
2023-11-01 00:52:05 configure libkrb5support0:amd64 1.20.1-2+deb12u1 <none>
2023-11-01 00:52:05 status unpacked libkrb5support0:amd64 1.20.1-2+deb12u1
2023-11-01 00:52:05 status half-configured libkrb5support0:amd64 1.20.1-2+deb12u1
2023-11-01 00:52:05 status installed libkrb5support0:amd64 1.20.1-2+deb12u1
2023-11-01 00:52:05 configure libsasl2-modules-db:amd64 2.1.28+dfsg-10 <none>
2023-11-01 00:52:05 status unpacked libsasl2-modules-db:amd64 2.1.28+dfsg-10
2023-11-01 00:52:05 status half-configured libsasl2-modules-db:amd64 2.1.28+dfsg-10
2023-11-01 00:52:05 status installed libsasl2-modules-db:amd64 2.1.28+dfsg-10
2023-11-01 00:52:05 configure gnupg-l10n:all 2.2.40-1.1 <none>
2023-11-01 00:52:05 status unpacked gnupg-l10n:all 2.2.40-1.1
2023-11-01 00:52:05 status half-configured gnupg-l10n:all 2.2.40-1.1
2023-11-01 00:52:05 status installed gnupg-l10n:all 2.2.40-1.1
2023-11-01 00:52:05 configure librtmp1:amd64 2.4+20151223.gitfa8646d.1-2+b2 <none>
2023-11-01 00:52:05 status unpacked librtmp1:amd64 2.4+20151223.gitfa8646d.1-2+b2
2023-11-01 00:52:05 status half-configured librtmp1:amd64 2.4+20151223.gitfa8646d.1-2+b2
2023-11-01 00:52:05 status installed librtmp1:amd64 2.4+20151223.gitfa8646d.1-2+b2
2023-11-01 00:52:05 configure libncursesw6:amd64 6.4-4 <none>
2023-11-01 00:52:05 status unpacked libncursesw6:amd64 6.4-4
2023-11-01 00:52:05 status half-configured libncursesw6:amd64 6.4-4
2023-11-01 00:52:05 status installed libncursesw6:amd64 6.4-4
2023-11-01 00:52:05 configure libk5crypto3:amd64 1.20.1-2+deb12u1 <none>
2023-11-01 00:52:05 status unpacked libk5crypto3:amd64 1.20.1-2+deb12u1
2023-11-01 00:52:05 status half-configured libk5crypto3:amd64 1.20.1-2+deb12u1
2023-11-01 00:52:05 status installed libk5crypto3:amd64 1.20.1-2+deb12u1
2023-11-01 00:52:05 configure libsasl2-2:amd64 2.1.28+dfsg-10 <none>
2023-11-01 00:52:05 status unpacked libsasl2-2:amd64 2.1.28+dfsg-10
2023-11-01 00:52:05 status half-configured libsasl2-2:amd64 2.1.28+dfsg-10
2023-11-01 00:52:05 status installed libsasl2-2:amd64 2.1.28+dfsg-10
2023-11-01 00:52:05 configure libssh2-1:amd64 1.10.0-3+b1 <none>
2023-11-01 00:52:05 status unpacked libssh2-1:amd64 1.10.0-3+b1
2023-11-01 00:52:05 status half-configured libssh2-1:amd64 1.10.0-3+b1
2023-11-01 00:52:05 status installed libssh2-1:amd64 1.10.0-3+b1
2023-11-01 00:52:05 configure netbase:all 6.4 <none>
2023-11-01 00:52:05 status unpacked netbase:all 6.4
2023-11-01 00:52:06 status half-configured netbase:all 6.4
2023-11-01 00:52:06 status installed netbase:all 6.4
2023-11-01 00:52:06 configure libkrb5-3:amd64 1.20.1-2+deb12u1 <none>
2023-11-01 00:52:06 status unpacked libkrb5-3:amd64 1.20.1-2+deb12u1
2023-11-01 00:52:06 status half-configured libkrb5-3:amd64 1.20.1-2+deb12u1
2023-11-01 00:52:06 status installed libkrb5-3:amd64 1.20.1-2+deb12u1
2023-11-01 00:52:06 configure openssl:amd64 3.0.11-1~deb12u2 <none>
2023-11-01 00:52:06 status unpacked openssl:amd64 3.0.11-1~deb12u2
2023-11-01 00:52:06 status half-configured openssl:amd64 3.0.11-1~deb12u2
2023-11-01 00:52:06 status installed openssl:amd64 3.0.11-1~deb12u2
2023-11-01 00:52:06 configure readline-common:all 8.2-1.3 <none>
2023-11-01 00:52:06 status unpacked readline-common:all 8.2-1.3
2023-11-01 00:52:06 status half-configured readline-common:all 8.2-1.3
2023-11-01 00:52:06 status installed readline-common:all 8.2-1.3
2023-11-01 00:52:06 configure pinentry-curses:amd64 1.2.1-1 <none>
2023-11-01 00:52:06 status unpacked pinentry-curses:amd64 1.2.1-1
2023-11-01 00:52:06 status half-configured pinentry-curses:amd64 1.2.1-1
2023-11-01 00:52:06 status installed pinentry-curses:amd64 1.2.1-1
2023-11-01 00:52:06 configure libreadline8:amd64 8.2-1.3 <none>
2023-11-01 00:52:06 status unpacked libreadline8:amd64 8.2-1.3
2023-11-01 00:52:06 status half-configured libreadline8:amd64 8.2-1.3
2023-11-01 00:52:06 status installed libreadline8:amd64 8.2-1.3
2023-11-01 00:52:06 configure libldap-2.5-0:amd64 2.5.13+dfsg-5 <none>
2023-11-01 00:52:06 status unpacked libldap-2.5-0:amd64 2.5.13+dfsg-5
2023-11-01 00:52:06 status half-configured libldap-2.5-0:amd64 2.5.13+dfsg-5
2023-11-01 00:52:06 status installed libldap-2.5-0:amd64 2.5.13+dfsg-5
2023-11-01 00:52:06 configure ca-certificates:all 20230311 <none>
2023-11-01 00:52:06 status unpacked ca-certificates:all 20230311
2023-11-01 00:52:06 status half-configured ca-certificates:all 20230311
2023-11-01 00:52:06 status installed ca-certificates:all 20230311
2023-11-01 00:52:06 status triggers-pending ca-certificates:all 20230311
2023-11-01 00:52:06 configure libgssapi-krb5-2:amd64 1.20.1-2+deb12u1 <none>
2023-11-01 00:52:06 status unpacked libgssapi-krb5-2:amd64 1.20.1-2+deb12u1
2023-11-01 00:52:06 status half-configured libgssapi-krb5-2:amd64 1.20.1-2+deb12u1
2023-11-01 00:52:06 status installed libgssapi-krb5-2:amd64 1.20.1-2+deb12u1
2023-11-01 00:52:06 configure gpgconf:amd64 2.2.40-1.1 <none>
2023-11-01 00:52:06 status unpacked gpgconf:amd64 2.2.40-1.1
2023-11-01 00:52:06 status half-configured gpgconf:amd64 2.2.40-1.1
2023-11-01 00:52:06 status installed gpgconf:amd64 2.2.40-1.1
2023-11-01 00:52:06 configure libcurl4:amd64 7.88.1-10+deb12u4 <none>
2023-11-01 00:52:06 status unpacked libcurl4:amd64 7.88.1-10+deb12u4
2023-11-01 00:52:06 status half-configured libcurl4:amd64 7.88.1-10+deb12u4
2023-11-01 00:52:06 status installed libcurl4:amd64 7.88.1-10+deb12u4
2023-11-01 00:52:06 configure curl:amd64 7.88.1-10+deb12u4 <none>
2023-11-01 00:52:06 status unpacked curl:amd64 7.88.1-10+deb12u4
2023-11-01 00:52:06 status half-configured curl:amd64 7.88.1-10+deb12u4
2023-11-01 00:52:06 status installed curl:amd64 7.88.1-10+deb12u4
2023-11-01 00:52:06 configure gpg:amd64 2.2.40-1.1 <none>
2023-11-01 00:52:06 status unpacked gpg:amd64 2.2.40-1.1
2023-11-01 00:52:06 status half-configured gpg:amd64 2.2.40-1.1
2023-11-01 00:52:06 status installed gpg:amd64 2.2.40-1.1
2023-11-01 00:52:06 configure gnupg-utils:amd64 2.2.40-1.1 <none>
2023-11-01 00:52:06 status unpacked gnupg-utils:amd64 2.2.40-1.1
2023-11-01 00:52:06 status half-configured gnupg-utils:amd64 2.2.40-1.1
2023-11-01 00:52:07 status installed gnupg-utils:amd64 2.2.40-1.1
2023-11-01 00:52:07 configure gpg-agent:amd64 2.2.40-1.1 <none>
2023-11-01 00:52:07 status unpacked gpg-agent:amd64 2.2.40-1.1
2023-11-01 00:52:07 status half-configured gpg-agent:amd64 2.2.40-1.1
2023-11-01 00:52:07 status installed gpg-agent:amd64 2.2.40-1.1
2023-11-01 00:52:07 configure gpgsm:amd64 2.2.40-1.1 <none>
2023-11-01 00:52:07 status unpacked gpgsm:amd64 2.2.40-1.1
2023-11-01 00:52:07 status half-configured gpgsm:amd64 2.2.40-1.1
2023-11-01 00:52:07 status installed gpgsm:amd64 2.2.40-1.1
2023-11-01 00:52:07 configure dirmngr:amd64 2.2.40-1.1 <none>
2023-11-01 00:52:07 status unpacked dirmngr:amd64 2.2.40-1.1
2023-11-01 00:52:07 status half-configured dirmngr:amd64 2.2.40-1.1
2023-11-01 00:52:07 status installed dirmngr:amd64 2.2.40-1.1
2023-11-01 00:52:07 configure gpg-wks-server:amd64 2.2.40-1.1 <none>
2023-11-01 00:52:07 status unpacked gpg-wks-server:amd64 2.2.40-1.1
2023-11-01 00:52:07 status half-configured gpg-wks-server:amd64 2.2.40-1.1
2023-11-01 00:52:07 status installed gpg-wks-server:amd64 2.2.40-1.1
2023-11-01 00:52:07 configure gpg-wks-client:amd64 2.2.40-1.1 <none>
2023-11-01 00:52:07 status unpacked gpg-wks-client:amd64 2.2.40-1.1
2023-11-01 00:52:07 status half-configured gpg-wks-client:amd64 2.2.40-1.1
2023-11-01 00:52:07 status installed gpg-wks-client:amd64 2.2.40-1.1
2023-11-01 00:52:07 configure gnupg:all 2.2.40-1.1 <none>
2023-11-01 00:52:07 status unpacked gnupg:all 2.2.40-1.1
2023-11-01 00:52:07 status half-configured gnupg:all 2.2.40-1.1
2023-11-01 00:52:07 status installed gnupg:all 2.2.40-1.1
2023-11-01 00:52:07 trigproc libc-bin:amd64 2.36-9+deb12u3 <none>
2023-11-01 00:52:07 status half-configured libc-bin:amd64 2.36-9+deb12u3
2023-11-01 00:52:07 status installed libc-bin:amd64 2.36-9+deb12u3
2023-11-01 00:52:07 trigproc ca-certificates:all 20230311 <none>
2023-11-01 00:52:07 status half-configured ca-certificates:all 20230311
2023-11-01 00:52:07 status installed ca-certificates:all 20230311
2023-11-01 00:52:19 startup archives unpack
2023-11-01 00:52:19 install perl-modules-5.36:all <none> 5.36.0-7
2023-11-01 00:52:19 status half-installed perl-modules-5.36:all 5.36.0-7
2023-11-01 00:52:19 status unpacked perl-modules-5.36:all 5.36.0-7
2023-11-01 00:52:19 install libgdbm6:amd64 <none> 1.23-3
2023-11-01 00:52:19 status triggers-pending libc-bin:amd64 2.36-9+deb12u3
2023-11-01 00:52:19 status half-installed libgdbm6:amd64 1.23-3
2023-11-01 00:52:19 status unpacked libgdbm6:amd64 1.23-3
2023-11-01 00:52:19 install libgdbm-compat4:amd64 <none> 1.23-3
2023-11-01 00:52:19 status half-installed libgdbm-compat4:amd64 1.23-3
2023-11-01 00:52:19 status unpacked libgdbm-compat4:amd64 1.23-3
2023-11-01 00:52:19 install libperl5.36:amd64 <none> 5.36.0-7
2023-11-01 00:52:19 status half-installed libperl5.36:amd64 5.36.0-7
2023-11-01 00:52:20 status unpacked libperl5.36:amd64 5.36.0-7
2023-11-01 00:52:20 install perl:amd64 <none> 5.36.0-7
2023-11-01 00:52:20 status half-installed perl:amd64 5.36.0-7
2023-11-01 00:52:20 status unpacked perl:amd64 5.36.0-7
2023-11-01 00:52:20 install libpython3.11-minimal:amd64 <none> 3.11.2-6
2023-11-01 00:52:20 status half-installed libpython3.11-minimal:amd64 3.11.2-6
2023-11-01 00:52:20 status unpacked libpython3.11-minimal:amd64 3.11.2-6
2023-11-01 00:52:20 install libexpat1:amd64 <none> 2.5.0-1
2023-11-01 00:52:20 status half-installed libexpat1:amd64 2.5.0-1
2023-11-01 00:52:20 status unpacked libexpat1:amd64 2.5.0-1
2023-11-01 00:52:20 install python3.11-minimal:amd64 <none> 3.11.2-6
2023-11-01 00:52:20 status half-installed python3.11-minimal:amd64 3.11.2-6
2023-11-01 00:52:20 status unpacked python3.11-minimal:amd64 3.11.2-6
2023-11-01 00:52:20 startup packages configure
2023-11-01 00:52:20 configure libpython3.11-minimal:amd64 3.11.2-6 <none>
2023-11-01 00:52:20 status unpacked libpython3.11-minimal:amd64 3.11.2-6
2023-11-01 00:52:20 status half-configured libpython3.11-minimal:amd64 3.11.2-6
2023-11-01 00:52:20 status installed libpython3.11-minimal:amd64 3.11.2-6
2023-11-01 00:52:20 configure libexpat1:amd64 2.5.0-1 <none>
2023-11-01 00:52:20 status unpacked libexpat1:amd64 2.5.0-1
2023-11-01 00:52:20 status half-configured libexpat1:amd64 2.5.0-1
2023-11-01 00:52:20 status installed libexpat1:amd64 2.5.0-1
2023-11-01 00:52:20 configure python3.11-minimal:amd64 3.11.2-6 <none>
2023-11-01 00:52:20 status unpacked python3.11-minimal:amd64 3.11.2-6
2023-11-01 00:52:20 status half-configured python3.11-minimal:amd64 3.11.2-6
2023-11-01 00:52:21 status installed python3.11-minimal:amd64 3.11.2-6
2023-11-01 00:52:21 startup archives unpack
2023-11-01 00:52:21 install python3-minimal:amd64 <none> 3.11.2-1+b1
2023-11-01 00:52:21 status half-installed python3-minimal:amd64 3.11.2-1+b1
2023-11-01 00:52:21 status unpacked python3-minimal:amd64 3.11.2-1+b1
2023-11-01 00:52:21 install media-types:all <none> 10.0.0
2023-11-01 00:52:21 status half-installed media-types:all 10.0.0
2023-11-01 00:52:21 status unpacked media-types:all 10.0.0
2023-11-01 00:52:21 install libtirpc-common:all <none> 1.3.3+ds-1
2023-11-01 00:52:21 status half-installed libtirpc-common:all 1.3.3+ds-1
2023-11-01 00:52:21 status unpacked libtirpc-common:all 1.3.3+ds-1
2023-11-01 00:52:21 install libtirpc3:amd64 <none> 1.3.3+ds-1
2023-11-01 00:52:21 status half-installed libtirpc3:amd64 1.3.3+ds-1
2023-11-01 00:52:21 status unpacked libtirpc3:amd64 1.3.3+ds-1
2023-11-01 00:52:21 install libnsl2:amd64 <none> 1.3.0-2
2023-11-01 00:52:21 status half-installed libnsl2:amd64 1.3.0-2
2023-11-01 00:52:21 status unpacked libnsl2:amd64 1.3.0-2
2023-11-01 00:52:21 install libpython3.11-stdlib:amd64 <none> 3.11.2-6
2023-11-01 00:52:21 status half-installed libpython3.11-stdlib:amd64 3.11.2-6
2023-11-01 00:52:21 status unpacked libpython3.11-stdlib:amd64 3.11.2-6
2023-11-01 00:52:21 install python3.11:amd64 <none> 3.11.2-6
2023-11-01 00:52:21 status half-installed python3.11:amd64 3.11.2-6
2023-11-01 00:52:21 status unpacked python3.11:amd64 3.11.2-6
2023-11-01 00:52:21 install libpython3-stdlib:amd64 <none> 3.11.2-1+b1
2023-11-01 00:52:21 status half-installed libpython3-stdlib:amd64 3.11.2-1+b1
2023-11-01 00:52:21 status unpacked libpython3-stdlib:amd64 3.11.2-1+b1
2023-11-01 00:52:21 startup packages configure
2023-11-01 00:52:21 configure python3-minimal:amd64 3.11.2-1+b1 <none>
2023-11-01 00:52:21 status unpacked python3-minimal:amd64 3.11.2-1+b1
2023-11-01 00:52:21 status half-configured python3-minimal:amd64 3.11.2-1+b1
2023-11-01 00:52:21 status installed python3-minimal:amd64 3.11.2-1+b1
2023-11-01 00:52:21 startup archives unpack
2023-11-01 00:52:21 install python3:amd64 <none> 3.11.2-1+b1
2023-11-01 00:52:21 status half-installed python3:amd64 3.11.2-1+b1
2023-11-01 00:52:21 status unpacked python3:amd64 3.11.2-1+b1
2023-11-01 00:52:21 install libproc2-0:amd64 <none> 2:4.0.2-3
2023-11-01 00:52:21 status half-installed libproc2-0:amd64 2:4.0.2-3
2023-11-01 00:52:21 status unpacked libproc2-0:amd64 2:4.0.2-3
2023-11-01 00:52:21 install procps:amd64 <none> 2:4.0.2-3
2023-11-01 00:52:21 status half-installed procps:amd64 2:4.0.2-3
2023-11-01 00:52:21 status unpacked procps:amd64 2:4.0.2-3
2023-11-01 00:52:21 install sensible-utils:all <none> 0.0.17+nmu1
2023-11-01 00:52:21 status half-installed sensible-utils:all 0.0.17+nmu1
2023-11-01 00:52:21 status unpacked sensible-utils:all 0.0.17+nmu1
2023-11-01 00:52:21 install libbsd0:amd64 <none> 0.11.7-2
2023-11-01 00:52:21 status half-installed libbsd0:amd64 0.11.7-2
2023-11-01 00:52:21 status unpacked libbsd0:amd64 0.11.7-2
2023-11-01 00:52:22 install libedit2:amd64 <none> 3.1-20221030-2
2023-11-01 00:52:22 status half-installed libedit2:amd64 3.1-20221030-2
2023-11-01 00:52:22 status unpacked libedit2:amd64 3.1-20221030-2
2023-11-01 00:52:22 install libcbor0.8:amd64 <none> 0.8.0-2+b1
2023-11-01 00:52:22 status half-installed libcbor0.8:amd64 0.8.0-2+b1
2023-11-01 00:52:22 status unpacked libcbor0.8:amd64 0.8.0-2+b1
2023-11-01 00:52:22 install libfido2-1:amd64 <none> 1.12.0-2+b1
2023-11-01 00:52:22 status half-installed libfido2-1:amd64 1.12.0-2+b1
2023-11-01 00:52:22 status unpacked libfido2-1:amd64 1.12.0-2+b1
2023-11-01 00:52:22 install openssh-client:amd64 <none> 1:9.2p1-2+deb12u1
2023-11-01 00:52:22 status half-installed openssh-client:amd64 1:9.2p1-2+deb12u1
2023-11-01 00:52:22 status unpacked openssh-client:amd64 1:9.2p1-2+deb12u1
2023-11-01 00:52:22 install ucf:all <none> 3.0043+nmu1
2023-11-01 00:52:22 status half-installed ucf:all 3.0043+nmu1
2023-11-01 00:52:22 status unpacked ucf:all 3.0043+nmu1
2023-11-01 00:52:22 install libcurl3-gnutls:amd64 <none> 7.88.1-10+deb12u4
2023-11-01 00:52:22 status half-installed libcurl3-gnutls:amd64 7.88.1-10+deb12u4
2023-11-01 00:52:22 status unpacked libcurl3-gnutls:amd64 7.88.1-10+deb12u4
2023-11-01 00:52:22 install liberror-perl:all <none> 0.17029-2
2023-11-01 00:52:22 status half-installed liberror-perl:all 0.17029-2
2023-11-01 00:52:22 status unpacked liberror-perl:all 0.17029-2
2023-11-01 00:52:22 install git-man:all <none> 1:2.39.2-1.1
2023-11-01 00:52:22 status half-installed git-man:all 1:2.39.2-1.1
2023-11-01 00:52:22 status unpacked git-man:all 1:2.39.2-1.1
2023-11-01 00:52:22 install git:amd64 <none> 1:2.39.2-1.1
2023-11-01 00:52:22 status half-installed git:amd64 1:2.39.2-1.1
2023-11-01 00:52:22 status unpacked git:amd64 1:2.39.2-1.1
2023-11-01 00:52:22 install libapr1:amd64 <none> 1.7.2-3
2023-11-01 00:52:22 status half-installed libapr1:amd64 1.7.2-3
2023-11-01 00:52:22 status unpacked libapr1:amd64 1.7.2-3
2023-11-01 00:52:23 install libaprutil1:amd64 <none> 1.6.3-1
2023-11-01 00:52:23 status half-installed libaprutil1:amd64 1.6.3-1
2023-11-01 00:52:23 status unpacked libaprutil1:amd64 1.6.3-1
2023-11-01 00:52:23 install libserf-1-1:amd64 <none> 1.3.9-11
2023-11-01 00:52:23 status half-installed libserf-1-1:amd64 1.3.9-11
2023-11-01 00:52:23 status unpacked libserf-1-1:amd64 1.3.9-11
2023-11-01 00:52:23 install libutf8proc2:amd64 <none> 2.8.0-1
2023-11-01 00:52:23 status half-installed libutf8proc2:amd64 2.8.0-1
2023-11-01 00:52:23 status unpacked libutf8proc2:amd64 2.8.0-1
2023-11-01 00:52:23 install libsvn1:amd64 <none> 1.14.2-4+b2
2023-11-01 00:52:23 status half-installed libsvn1:amd64 1.14.2-4+b2
2023-11-01 00:52:23 status unpacked libsvn1:amd64 1.14.2-4+b2
2023-11-01 00:52:23 install mercurial-common:all <none> 6.3.2-1
2023-11-01 00:52:23 status half-installed mercurial-common:all 6.3.2-1
2023-11-01 00:52:23 status unpacked mercurial-common:all 6.3.2-1
2023-11-01 00:52:23 install mercurial:amd64 <none> 6.3.2-1
2023-11-01 00:52:23 status half-installed mercurial:amd64 6.3.2-1
2023-11-01 00:52:23 status unpacked mercurial:amd64 6.3.2-1
2023-11-01 00:52:23 install subversion:amd64 <none> 1.14.2-4+b2
2023-11-01 00:52:23 status half-installed subversion:amd64 1.14.2-4+b2
2023-11-01 00:52:23 status unpacked subversion:amd64 1.14.2-4+b2
2023-11-01 00:52:23 startup packages configure
2023-11-01 00:52:23 configure media-types:all 10.0.0 <none>
2023-11-01 00:52:23 status unpacked media-types:all 10.0.0
2023-11-01 00:52:23 status half-configured media-types:all 10.0.0
2023-11-01 00:52:23 status installed media-types:all 10.0.0
2023-11-01 00:52:23 configure libtirpc-common:all 1.3.3+ds-1 <none>
2023-11-01 00:52:23 status unpacked libtirpc-common:all 1.3.3+ds-1
2023-11-01 00:52:23 status half-configured libtirpc-common:all 1.3.3+ds-1
2023-11-01 00:52:23 status installed libtirpc-common:all 1.3.3+ds-1
2023-11-01 00:52:23 configure libcbor0.8:amd64 0.8.0-2+b1 <none>
2023-11-01 00:52:23 status unpacked libcbor0.8:amd64 0.8.0-2+b1
2023-11-01 00:52:23 status half-configured libcbor0.8:amd64 0.8.0-2+b1
2023-11-01 00:52:23 status installed libcbor0.8:amd64 0.8.0-2+b1
2023-11-01 00:52:23 configure libutf8proc2:amd64 2.8.0-1 <none>
2023-11-01 00:52:23 status unpacked libutf8proc2:amd64 2.8.0-1
2023-11-01 00:52:23 status half-configured libutf8proc2:amd64 2.8.0-1
2023-11-01 00:52:23 status installed libutf8proc2:amd64 2.8.0-1
2023-11-01 00:52:23 configure libapr1:amd64 1.7.2-3 <none>
2023-11-01 00:52:23 status unpacked libapr1:amd64 1.7.2-3
2023-11-01 00:52:23 status half-configured libapr1:amd64 1.7.2-3
2023-11-01 00:52:23 status installed libapr1:amd64 1.7.2-3
2023-11-01 00:52:23 configure libcurl3-gnutls:amd64 7.88.1-10+deb12u4 <none>
2023-11-01 00:52:23 status unpacked libcurl3-gnutls:amd64 7.88.1-10+deb12u4
2023-11-01 00:52:23 status half-configured libcurl3-gnutls:amd64 7.88.1-10+deb12u4
2023-11-01 00:52:23 status installed libcurl3-gnutls:amd64 7.88.1-10+deb12u4
2023-11-01 00:52:23 configure perl-modules-5.36:all 5.36.0-7 <none>
2023-11-01 00:52:23 status unpacked perl-modules-5.36:all 5.36.0-7
2023-11-01 00:52:23 status half-configured perl-modules-5.36:all 5.36.0-7
2023-11-01 00:52:23 status installed perl-modules-5.36:all 5.36.0-7
2023-11-01 00:52:23 configure libproc2-0:amd64 2:4.0.2-3 <none>
2023-11-01 00:52:23 status unpacked libproc2-0:amd64 2:4.0.2-3
2023-11-01 00:52:23 status half-configured libproc2-0:amd64 2:4.0.2-3
2023-11-01 00:52:23 status installed libproc2-0:amd64 2:4.0.2-3
2023-11-01 00:52:23 configure sensible-utils:all 0.0.17+nmu1 <none>
2023-11-01 00:52:23 status unpacked sensible-utils:all 0.0.17+nmu1
2023-11-01 00:52:23 status half-configured sensible-utils:all 0.0.17+nmu1
2023-11-01 00:52:23 status installed sensible-utils:all 0.0.17+nmu1
2023-11-01 00:52:23 configure procps:amd64 2:4.0.2-3 <none>
2023-11-01 00:52:23 status unpacked procps:amd64 2:4.0.2-3
2023-11-01 00:52:23 status half-configured procps:amd64 2:4.0.2-3
2023-11-01 00:52:23 status installed procps:amd64 2:4.0.2-3
2023-11-01 00:52:23 configure git-man:all 1:2.39.2-1.1 <none>
2023-11-01 00:52:23 status unpacked git-man:all 1:2.39.2-1.1
2023-11-01 00:52:23 status half-configured git-man:all 1:2.39.2-1.1
2023-11-01 00:52:23 status installed git-man:all 1:2.39.2-1.1
2023-11-01 00:52:23 configure libfido2-1:amd64 1.12.0-2+b1 <none>
2023-11-01 00:52:23 status unpacked libfido2-1:amd64 1.12.0-2+b1
2023-11-01 00:52:23 status half-configured libfido2-1:amd64 1.12.0-2+b1
2023-11-01 00:52:23 status installed libfido2-1:amd64 1.12.0-2+b1
2023-11-01 00:52:23 configure libbsd0:amd64 0.11.7-2 <none>
2023-11-01 00:52:23 status unpacked libbsd0:amd64 0.11.7-2
2023-11-01 00:52:23 status half-configured libbsd0:amd64 0.11.7-2
2023-11-01 00:52:23 status installed libbsd0:amd64 0.11.7-2
2023-11-01 00:52:23 configure libgdbm6:amd64 1.23-3 <none>
2023-11-01 00:52:23 status unpacked libgdbm6:amd64 1.23-3
2023-11-01 00:52:23 status half-configured libgdbm6:amd64 1.23-3
2023-11-01 00:52:23 status installed libgdbm6:amd64 1.23-3
2023-11-01 00:52:23 configure libaprutil1:amd64 1.6.3-1 <none>
2023-11-01 00:52:23 status unpacked libaprutil1:amd64 1.6.3-1
2023-11-01 00:52:23 status half-configured libaprutil1:amd64 1.6.3-1
2023-11-01 00:52:23 status installed libaprutil1:amd64 1.6.3-1
2023-11-01 00:52:23 configure libtirpc3:amd64 1.3.3+ds-1 <none>
2023-11-01 00:52:23 status unpacked libtirpc3:amd64 1.3.3+ds-1
2023-11-01 00:52:23 status half-configured libtirpc3:amd64 1.3.3+ds-1
2023-11-01 00:52:23 status installed libtirpc3:amd64 1.3.3+ds-1
2023-11-01 00:52:23 configure libedit2:amd64 3.1-20221030-2 <none>
2023-11-01 00:52:23 status unpacked libedit2:amd64 3.1-20221030-2
2023-11-01 00:52:23 status half-configured libedit2:amd64 3.1-20221030-2
2023-11-01 00:52:23 status installed libedit2:amd64 3.1-20221030-2
2023-11-01 00:52:23 configure libserf-1-1:amd64 1.3.9-11 <none>
2023-11-01 00:52:23 status unpacked libserf-1-1:amd64 1.3.9-11
2023-11-01 00:52:23 status half-configured libserf-1-1:amd64 1.3.9-11
2023-11-01 00:52:23 status installed libserf-1-1:amd64 1.3.9-11
2023-11-01 00:52:23 configure libgdbm-compat4:amd64 1.23-3 <none>
2023-11-01 00:52:23 status unpacked libgdbm-compat4:amd64 1.23-3
2023-11-01 00:52:23 status half-configured libgdbm-compat4:amd64 1.23-3
2023-11-01 00:52:23 status installed libgdbm-compat4:amd64 1.23-3
2023-11-01 00:52:23 configure ucf:all 3.0043+nmu1 <none>
2023-11-01 00:52:23 status unpacked ucf:all 3.0043+nmu1
2023-11-01 00:52:23 status half-configured ucf:all 3.0043+nmu1
2023-11-01 00:52:24 status installed ucf:all 3.0043+nmu1
2023-11-01 00:52:24 configure libnsl2:amd64 1.3.0-2 <none>
2023-11-01 00:52:24 status unpacked libnsl2:amd64 1.3.0-2
2023-11-01 00:52:24 status half-configured libnsl2:amd64 1.3.0-2
2023-11-01 00:52:24 status installed libnsl2:amd64 1.3.0-2
2023-11-01 00:52:24 configure libsvn1:amd64 1.14.2-4+b2 <none>
2023-11-01 00:52:24 status unpacked libsvn1:amd64 1.14.2-4+b2
2023-11-01 00:52:24 status half-configured libsvn1:amd64 1.14.2-4+b2
2023-11-01 00:52:24 status installed libsvn1:amd64 1.14.2-4+b2
2023-11-01 00:52:24 configure libperl5.36:amd64 5.36.0-7 <none>
2023-11-01 00:52:24 status unpacked libperl5.36:amd64 5.36.0-7
2023-11-01 00:52:24 status half-configured libperl5.36:amd64 5.36.0-7
2023-11-01 00:52:24 status installed libperl5.36:amd64 5.36.0-7
2023-11-01 00:52:24 configure openssh-client:amd64 1:9.2p1-2+deb12u1 <none>
2023-11-01 00:52:24 status unpacked openssh-client:amd64 1:9.2p1-2+deb12u1
2023-11-01 00:52:24 status half-configured openssh-client:amd64 1:9.2p1-2+deb12u1
2023-11-01 00:52:24 status installed openssh-client:amd64 1:9.2p1-2+deb12u1
2023-11-01 00:52:24 configure libpython3.11-stdlib:amd64 3.11.2-6 <none>
2023-11-01 00:52:24 status unpacked libpython3.11-stdlib:amd64 3.11.2-6
2023-11-01 00:52:24 status half-configured libpython3.11-stdlib:amd64 3.11.2-6
2023-11-01 00:52:24 status installed libpython3.11-stdlib:amd64 3.11.2-6
2023-11-01 00:52:24 configure subversion:amd64 1.14.2-4+b2 <none>
2023-11-01 00:52:24 status unpacked subversion:amd64 1.14.2-4+b2
2023-11-01 00:52:24 status half-configured subversion:amd64 1.14.2-4+b2
2023-11-01 00:52:24 status installed subversion:amd64 1.14.2-4+b2
2023-11-01 00:52:24 configure perl:amd64 5.36.0-7 <none>
2023-11-01 00:52:24 status unpacked perl:amd64 5.36.0-7
2023-11-01 00:52:24 status half-configured perl:amd64 5.36.0-7
2023-11-01 00:52:24 status installed perl:amd64 5.36.0-7
2023-11-01 00:52:24 configure libpython3-stdlib:amd64 3.11.2-1+b1 <none>
2023-11-01 00:52:24 status unpacked libpython3-stdlib:amd64 3.11.2-1+b1
2023-11-01 00:52:24 status half-configured libpython3-stdlib:amd64 3.11.2-1+b1
2023-11-01 00:52:24 status installed libpython3-stdlib:amd64 3.11.2-1+b1
2023-11-01 00:52:24 configure python3.11:amd64 3.11.2-6 <none>
2023-11-01 00:52:24 status unpacked python3.11:amd64 3.11.2-6
2023-11-01 00:52:24 status half-configured python3.11:amd64 3.11.2-6
2023-11-01 00:52:24 status installed python3.11:amd64 3.11.2-6
2023-11-01 00:52:24 configure python3:amd64 3.11.2-1+b1 <none>
2023-11-01 00:52:24 status unpacked python3:amd64 3.11.2-1+b1
2023-11-01 00:52:24 status half-configured python3:amd64 3.11.2-1+b1
2023-11-01 00:52:24 status installed python3:amd64 3.11.2-1+b1
2023-11-01 00:52:24 configure liberror-perl:all 0.17029-2 <none>
2023-11-01 00:52:24 status unpacked liberror-perl:all 0.17029-2
2023-11-01 00:52:24 status half-configured liberror-perl:all 0.17029-2
2023-11-01 00:52:24 status installed liberror-perl:all 0.17029-2
2023-11-01 00:52:24 configure git:amd64 1:2.39.2-1.1 <none>
2023-11-01 00:52:24 status unpacked git:amd64 1:2.39.2-1.1
2023-11-01 00:52:24 status half-configured git:amd64 1:2.39.2-1.1
2023-11-01 00:52:24 status installed git:amd64 1:2.39.2-1.1
2023-11-01 00:52:24 configure mercurial-common:all 6.3.2-1 <none>
2023-11-01 00:52:24 status unpacked mercurial-common:all 6.3.2-1
2023-11-01 00:52:24 status half-configured mercurial-common:all 6.3.2-1
2023-11-01 00:52:26 status installed mercurial-common:all 6.3.2-1
2023-11-01 00:52:26 configure mercurial:amd64 6.3.2-1 <none>
2023-11-01 00:52:26 status unpacked mercurial:amd64 6.3.2-1
2023-11-01 00:52:26 status half-configured mercurial:amd64 6.3.2-1
2023-11-01 00:52:26 status installed mercurial:amd64 6.3.2-1
2023-11-01 00:52:26 trigproc libc-bin:amd64 2.36-9+deb12u3 <none>
2023-11-01 00:52:26 status half-configured libc-bin:amd64 2.36-9+deb12u3
2023-11-01 00:52:26 status installed libc-bin:amd64 2.36-9+deb12u3
